<?xml version="1.0" encoding="UTF-8"?>
<!-- Generated by org.testng.reporters.JUnitReportReporter -->
<testsuite hostname="DESKTOP-QR52NJ9" failures="0" tests="1" name="testCases.TC_001_AccountRegistrationTest" time="4.311" errors="0" timestamp="2023-07-13T11:55:05 IST" skipped="0">
  <testcase classname="testCases.TC_001_AccountRegistrationTest" name="test_account_Registration" time="4.311"/>
  <system-out/>
</testsuite> <!-- testCases.TC_001_AccountRegistrationTest -->
